[debug] [2023-08-06T18:14:05.536Z] ----------------------------------------------------------------------
[debug] [2023-08-06T18:14:05.539Z] Command:       C:\Program Files\nodejs\node.exe C:\Users\Admin\AppData\Roaming\npm\node_modules\firebase-tools\lib\bin\firebase.js init database
[debug] [2023-08-06T18:14:05.540Z] CLI Version:   12.4.7
[debug] [2023-08-06T18:14:05.541Z] Platform:      win32
[debug] [2023-08-06T18:14:05.541Z] Node Version:  v16.17.1
[debug] [2023-08-06T18:14:05.542Z] Time:          Sun Aug 06 2023 23:44:05 GMT+0530 (India Standard Time)
[debug] [2023-08-06T18:14:05.543Z] ----------------------------------------------------------------------
[debug] 
[debug] [2023-08-06T18:14:05.688Z] > command requires scopes: ["email","openid","https://www.googleapis.com/auth/cloudplatformprojects.readonly","https://www.googleapis.com/auth/firebase","https://www.googleapis.com/auth/cloud-platform"]
[debug] [2023-08-06T18:14:05.689Z] > authorizing via signed-in user (maulikvarasani@gmail.com)
[info] 
     ######## #### ########  ######## ########     ###     ######  ########
     ##        ##  ##     ## ##       ##     ##  ##   ##  ##       ##
     ######    ##  ########  ######   ########  #########  ######  ######
     ##        ##  ##    ##  ##       ##     ## ##     ##       ## ##
     ##       #### ##     ## ######## ########  ##     ##  ######  ########

You're about to initialize a Firebase project in this directory:

  F:\angular_student_portal

Before we get started, keep in mind:

  * You are initializing within an existing Firebase project directory

[info] 
=== Project Setup
[info] 
[info] First, let's associate this project directory with a Firebase project.
[info] You can create multiple project aliases by running firebase use --add, 
[info] but for now we'll just set up a default project.
[info] 
[debug] [2023-08-06T18:14:10.474Z] Using project from CLI flag: study-app-49e7e
[debug] [2023-08-06T18:14:10.478Z] >>> [apiv2][query] GET https://firebase.googleapis.com/v1beta1/projects/study-app-49e7e [none]
[debug] [2023-08-06T18:14:11.038Z] <<< [apiv2][status] GET https://firebase.googleapis.com/v1beta1/projects/study-app-49e7e 200
[debug] [2023-08-06T18:14:11.039Z] <<< [apiv2][body] GET https://firebase.googleapis.com/v1beta1/projects/study-app-49e7e {"projectId":"study-app-49e7e","projectNumber":"573286032550","displayName":"study-app","name":"projects/study-app-49e7e","resources":{"hostingSite":"study-app-49e7e"},"state":"ACTIVE","etag":"1_eae69f44-e421-4f2a-abc3-37860b0b4a91"}
[info] i  Using project study-app-49e7e (study-app) 
[info] 
=== Database Setup
[info] i  database: ensuring required API firebasedatabase.googleapis.com is enabled... 
[debug] [2023-08-06T18:14:11.061Z] >>> [apiv2][query] GET https://serviceusage.googleapis.com/v1/projects/study-app-49e7e/services/firebasedatabase.googleapis.com [none]
[debug] [2023-08-06T18:14:11.062Z] >>> [apiv2][(partial)header] GET https://serviceusage.googleapis.com/v1/projects/study-app-49e7e/services/firebasedatabase.googleapis.com x-goog-quota-user=projects/study-app-49e7e
[debug] [2023-08-06T18:14:13.040Z] <<< [apiv2][status] GET https://serviceusage.googleapis.com/v1/projects/study-app-49e7e/services/firebasedatabase.googleapis.com 200
[debug] [2023-08-06T18:14:13.041Z] <<< [apiv2][body] GET https://serviceusage.googleapis.com/v1/projects/study-app-49e7e/services/firebasedatabase.googleapis.com [omitted]
[warn] !  database: missing required API firebasedatabase.googleapis.com. Enabling now... 
[debug] [2023-08-06T18:14:13.047Z] >>> [apiv2][query] POST https://serviceusage.googleapis.com/v1/projects/study-app-49e7e/services/firebasedatabase.googleapis.com:enable [none]
[debug] [2023-08-06T18:14:13.048Z] >>> [apiv2][(partial)header] POST https://serviceusage.googleapis.com/v1/projects/study-app-49e7e/services/firebasedatabase.googleapis.com:enable x-goog-quota-user=projects/study-app-49e7e
[debug] [2023-08-06T18:14:13.787Z] <<< [apiv2][status] POST https://serviceusage.googleapis.com/v1/projects/study-app-49e7e/services/firebasedatabase.googleapis.com:enable 200
[debug] [2023-08-06T18:14:13.788Z] <<< [apiv2][body] POST https://serviceusage.googleapis.com/v1/projects/study-app-49e7e/services/firebasedatabase.googleapis.com:enable [omitted]
[debug] [2023-08-06T18:14:23.791Z] >>> [apiv2][query] GET https://serviceusage.googleapis.com/v1/projects/study-app-49e7e/services/firebasedatabase.googleapis.com [none]
[debug] [2023-08-06T18:14:23.793Z] >>> [apiv2][(partial)header] GET https://serviceusage.googleapis.com/v1/projects/study-app-49e7e/services/firebasedatabase.googleapis.com x-goog-quota-user=projects/study-app-49e7e
[debug] [2023-08-06T18:14:25.609Z] <<< [apiv2][status] GET https://serviceusage.googleapis.com/v1/projects/study-app-49e7e/services/firebasedatabase.googleapis.com 200
[debug] [2023-08-06T18:14:25.610Z] <<< [apiv2][body] GET https://serviceusage.googleapis.com/v1/projects/study-app-49e7e/services/firebasedatabase.googleapis.com [omitted]
[info] +  database: required API firebasedatabase.googleapis.com is enabled 
[info] 
[debug] [2023-08-06T18:14:25.632Z] >>> [apiv2][query] GET https://firebase.googleapis.com/v1beta1/projects/study-app-49e7e [none]
[debug] [2023-08-06T18:14:26.112Z] <<< [apiv2][status] GET https://firebase.googleapis.com/v1beta1/projects/study-app-49e7e 200
[debug] [2023-08-06T18:14:26.114Z] <<< [apiv2][body] GET https://firebase.googleapis.com/v1beta1/projects/study-app-49e7e {"projectId":"study-app-49e7e","projectNumber":"573286032550","displayName":"study-app","name":"projects/study-app-49e7e","resources":{"hostingSite":"study-app-49e7e"},"state":"ACTIVE","etag":"1_eae69f44-e421-4f2a-abc3-37860b0b4a91"}
[debug] [2023-08-06T18:14:36.033Z] >>> [apiv2][query] POST https://firebasedatabase.googleapis.com/v1beta/projects/study-app-49e7e/locations/us-central1/instances databaseId=study-app-49e7e-default-rtdb&validateOnly=true
[debug] [2023-08-06T18:14:36.033Z] >>> [apiv2][body] POST https://firebasedatabase.googleapis.com/v1beta/projects/study-app-49e7e/locations/us-central1/instances {"type":"default_database"}
[debug] [2023-08-06T18:14:38.315Z] <<< [apiv2][status] POST https://firebasedatabase.googleapis.com/v1beta/projects/study-app-49e7e/locations/us-central1/instances 200
[debug] [2023-08-06T18:14:38.315Z] <<< [apiv2][body] POST https://firebasedatabase.googleapis.com/v1beta/projects/study-app-49e7e/locations/us-central1/instances {"name":"projects/573286032550/locations/us-central1/instances/study-app-49e7e-default-rtdb","project":"projects/573286032550","databaseUrl":"https://study-app-49e7e-default-rtdb.firebaseio.com","type":"DEFAULT_DATABASE","state":"ACTIVE"}
[debug] [2023-08-06T18:14:38.326Z] >>> [apiv2][query] POST https://firebasedatabase.googleapis.com/v1beta/projects/study-app-49e7e/locations/us-central1/instances databaseId=study-app-49e7e-default-rtdb
[debug] [2023-08-06T18:14:38.327Z] >>> [apiv2][body] POST https://firebasedatabase.googleapis.com/v1beta/projects/study-app-49e7e/locations/us-central1/instances {"type":"default_database"}
[debug] [2023-08-06T18:14:41.402Z] <<< [apiv2][status] POST https://firebasedatabase.googleapis.com/v1beta/projects/study-app-49e7e/locations/us-central1/instances 200
[debug] [2023-08-06T18:14:41.402Z] <<< [apiv2][body] POST https://firebasedatabase.googleapis.com/v1beta/projects/study-app-49e7e/locations/us-central1/instances {"name":"projects/573286032550/locations/us-central1/instances/study-app-49e7e-default-rtdb","project":"projects/573286032550","databaseUrl":"https://study-app-49e7e-default-rtdb.firebaseio.com","type":"DEFAULT_DATABASE","state":"ACTIVE"}
[info] 
[info] Firebase Realtime Database Security Rules allow you to define how your data should be
[info] structured and when your data can be read from and written to.
[info] 
[debug] [2023-08-06T18:14:48.594Z] >>> [apiv2][query] GET https://study-app-49e7e-default-rtdb.firebaseio.com/.settings/rules.json [none]
[debug] [2023-08-06T18:14:49.598Z] <<< [apiv2][status] GET https://study-app-49e7e-default-rtdb.firebaseio.com/.settings/rules.json 200
[debug] [2023-08-06T18:14:49.599Z] <<< [apiv2][body] GET https://study-app-49e7e-default-rtdb.firebaseio.com/.settings/rules.json [stream]
[debug] [2023-08-06T18:14:49.811Z] Error: EISDIR: illegal operation on a directory, open 'F:\angular_student_portal\y'
    at Object.openSync (node:fs:594:3)
    at Object.writeFileSync (node:fs:2207:35)
    at Object.createFileSync (C:\Users\Admin\AppData\Roaming\npm\node_modules\firebase-tools\node_modules\fs-extra\lib\ensure\file.js:63:6)
    at Config.writeProjectFile (C:\Users\Admin\AppData\Roaming\npm\node_modules\firebase-tools\lib\config.js:152:12)
    at writeDBRules (C:\Users\Admin\AppData\Roaming\npm\node_modules\firebase-tools\lib\init\features\database.js:33:12)
    at doSetup (C:\Users\Admin\AppData\Roaming\npm\node_modules\firebase-tools\lib\init\features\database.js:123:13)
    at processTicksAndRejections (node:internal/process/task_queues:96:5)
    at async init (C:\Users\Admin\AppData\Roaming\npm\node_modules\firebase-tools\lib\init\index.js:41:9)
[error] 
[error] Error: An unexpected error has occurred.
